<?xml version="1.0" encoding="UTF-8"?>
<!-- Generated by org.testng.reporters.JUnitXMLReporter -->
<testsuite ignored="0" hostname="IQZCBELT038" failures="0" tests="5" name="TestingOnChrome" time="12.474" errors="0" timestamp="2021-11-26T19:12:50 IST">
  <testcase classname="Demo.Browser_scroll" name="LaunchUrl" time="9.57"/>
  <testcase classname="Demo.Browser_scroll" name="twitterlaunch" time="0.112"/>
  <testcase classname="Demo.Browser_scroll" name="facebooklaunch" time="0.089"/>
  <testcase classname="Demo.Browser_scroll" name="youtubelaunch" time="0.083"/>
  <testcase classname="Demo.Browser_scroll" name="get_title" time="0.016"/>
</testsuite> <!-- TestingOnChrome -->
