<?xml version="1.0" encoding="UTF-8"?>
<testng-results ignored="0" total="1" passed="1" failed="0" skipped="0">
  <reporter-output>
  </reporter-output>
  <suite started-at="2021-11-22T21:29:48 IST" name="Suite1" finished-at="2021-11-22T21:29:57 IST" duration-ms="9697">
    <groups>
    </groups>
    <test started-at="2021-11-22T21:29:48 IST" name="TestingOnChrome" finished-at="2021-11-22T21:29:57 IST" duration-ms="9697">
      <class name="Demo.Cross_Browser">
        <test-method is-config="true" signature="setup(java.lang.String)[pri:0, instance:Demo.Cross_Browser@31fa1761]" started-at="2021-11-22T21:29:48 IST" name="setup" finished-at="2021-11-22T21:29:50 IST" duration-ms="2208" status="PASS">
          <params>
            <param index="0">
              <value>
                <![CDATA[chrome]]>
              </value>
            </param>
          </params>
          <reporter-output>
          </reporter-output>
        </test-method> <!-- setup -->
        <test-method signature="test1()[pri:0, instance:Demo.Cross_Browser@31fa1761]" started-at="2021-11-22T21:29:50 IST" name="test1" finished-at="2021-11-22T21:29:57 IST" duration-ms="7371" status="PASS">
          <reporter-output>
          </reporter-output>
        </test-method> <!-- test1 -->
        <test-method is-config="true" signature="finish()[pri:0, instance:Demo.Cross_Browser@31fa1761]" started-at="2021-11-22T21:29:57 IST" name="finish" finished-at="2021-11-22T21:29:57 IST" duration-ms="97" status="PASS">
          <reporter-output>
          </reporter-output>
        </test-method> <!-- finish -->
      </class> <!-- Demo.Cross_Browser -->
    </test> <!-- TestingOnChrome -->
  </suite> <!-- Suite1 -->
</testng-results>
