<?xml version="1.0" encoding="UTF-8"?>
<testng-results ignored="0" total="10" passed="10" failed="0" skipped="0">
  <reporter-output>
  </reporter-output>
  <suite started-at="2021-11-24T19:54:11 IST" name="Suite" finished-at="2021-11-24T19:55:51 IST" duration-ms="100853">
    <groups>
    </groups>
    <test started-at="2021-11-24T19:54:11 IST" name="Login_1" finished-at="2021-11-24T19:55:16 IST" duration-ms="65635">
      <class name="Demo.Loginscenarios">
        <test-method is-config="true" signature="setup()[pri:0, instance:Demo.Loginscenarios@31fa1761]" started-at="2021-11-24T19:54:11 IST" name="setup" finished-at="2021-11-24T19:54:13 IST" duration-ms="2458" status="PASS">
          <reporter-output>
          </reporter-output>
        </test-method> <!-- setup -->
        <test-method signature="launch_app()[pri:0, instance:Demo.Loginscenarios@31fa1761]" started-at="2021-11-24T19:54:13 IST" name="launch_app" finished-at="2021-11-24T19:54:26 IST" duration-ms="12746" status="PASS">
          <reporter-output>
          </reporter-output>
        </test-method> <!-- launch_app -->
        <test-method signature="enter_user()[pri:0, instance:Demo.Loginscenarios@31fa1761]" started-at="2021-11-24T19:54:26 IST" name="enter_user" finished-at="2021-11-24T19:54:31 IST" depends-on-methods="Demo.Loginscenarios.launch_app" duration-ms="5083" status="PASS">
          <reporter-output>
          </reporter-output>
        </test-method> <!-- enter_user -->
        <test-method signature="enter_pswd()[pri:0, instance:Demo.Loginscenarios@31fa1761]" started-at="2021-11-24T19:54:31 IST" name="enter_pswd" finished-at="2021-11-24T19:54:36 IST" depends-on-methods="Demo.Loginscenarios.enter_user" duration-ms="5101" status="PASS">
          <reporter-output>
          </reporter-output>
        </test-method> <!-- enter_pswd -->
        <test-method signature="clicklogin()[pri:0, instance:Demo.Loginscenarios@31fa1761]" started-at="2021-11-24T19:54:36 IST" name="clicklogin" finished-at="2021-11-24T19:55:10 IST" depends-on-methods="Demo.Loginscenarios.enter_pswd" duration-ms="34351" status="PASS">
          <reporter-output>
          </reporter-output>
        </test-method> <!-- clicklogin -->
        <test-method signature="get_title()[pri:0, instance:Demo.Loginscenarios@31fa1761]" started-at="2021-11-24T19:55:10 IST" name="get_title" finished-at="2021-11-24T19:55:15 IST" depends-on-methods="Demo.Loginscenarios.clicklogin" duration-ms="5031" status="PASS">
          <reporter-output>
          </reporter-output>
        </test-method> <!-- get_title -->
        <test-method is-config="true" signature="finish()[pri:0, instance:Demo.Loginscenarios@31fa1761]" started-at="2021-11-24T19:55:15 IST" name="finish" finished-at="2021-11-24T19:55:16 IST" duration-ms="821" status="PASS">
          <reporter-output>
          </reporter-output>
        </test-method> <!-- finish -->
      </class> <!-- Demo.Loginscenarios -->
    </test> <!-- Login_1 -->
    <test started-at="2021-11-24T19:55:16 IST" name="Login_2" finished-at="2021-11-24T19:55:51 IST" duration-ms="35176">
      <class name="Demo.Loginscenarios2">
        <test-method is-config="true" signature="setup()[pri:0, instance:Demo.Loginscenarios2@25641d39]" started-at="2021-11-24T19:55:16 IST" name="setup" finished-at="2021-11-24T19:55:18 IST" duration-ms="1346" status="PASS">
          <reporter-output>
          </reporter-output>
        </test-method> <!-- setup -->
        <test-method signature="launch_app()[pri:0, instance:Demo.Loginscenarios2@25641d39]" started-at="2021-11-24T19:55:18 IST" name="launch_app" finished-at="2021-11-24T19:55:30 IST" duration-ms="12376" status="PASS">
          <reporter-output>
          </reporter-output>
        </test-method> <!-- launch_app -->
        <test-method signature="enter_user()[pri:0, instance:Demo.Loginscenarios2@25641d39]" started-at="2021-11-24T19:55:30 IST" name="enter_user" finished-at="2021-11-24T19:55:35 IST" depends-on-methods="Demo.Loginscenarios2.launch_app" duration-ms="5081" status="PASS">
          <reporter-output>
          </reporter-output>
        </test-method> <!-- enter_user -->
        <test-method signature="enter_pswd()[pri:0, instance:Demo.Loginscenarios2@25641d39]" started-at="2021-11-24T19:55:35 IST" name="enter_pswd" finished-at="2021-11-24T19:55:40 IST" depends-on-methods="Demo.Loginscenarios2.enter_user" duration-ms="5084" status="PASS">
          <reporter-output>
          </reporter-output>
        </test-method> <!-- enter_pswd -->
        <test-method signature="clicklogin()[pri:0, instance:Demo.Loginscenarios2@25641d39]" started-at="2021-11-24T19:55:40 IST" name="clicklogin" finished-at="2021-11-24T19:55:46 IST" depends-on-methods="Demo.Loginscenarios2.enter_pswd" duration-ms="5462" status="PASS">
          <reporter-output>
          </reporter-output>
        </test-method> <!-- clicklogin -->
        <test-method signature="get_title()[pri:0, instance:Demo.Loginscenarios2@25641d39]" started-at="2021-11-24T19:55:46 IST" name="get_title" finished-at="2021-11-24T19:55:51 IST" depends-on-methods="Demo.Loginscenarios2.clicklogin" duration-ms="5024" status="PASS">
          <reporter-output>
          </reporter-output>
        </test-method> <!-- get_title -->
        <test-method is-config="true" signature="finish()[pri:0, instance:Demo.Loginscenarios2@25641d39]" started-at="2021-11-24T19:55:51 IST" name="finish" finished-at="2021-11-24T19:55:51 IST" duration-ms="794" status="PASS">
          <reporter-output>
          </reporter-output>
        </test-method> <!-- finish -->
      </class> <!-- Demo.Loginscenarios2 -->
    </test> <!-- Login_2 -->
  </suite> <!-- Suite -->
</testng-results>
