<?xml version="1.0" encoding="UTF-8"?>
<testng-results ignored="0" total="2" passed="2" failed="0" skipped="0">
  <reporter-output>
  </reporter-output>
  <suite started-at="2022-01-03T18:14:53 IST" name="Default suite" finished-at="2022-01-03T18:15:15 IST" duration-ms="22725">
    <groups>
    </groups>
    <test started-at="2022-01-03T18:14:53 IST" name="Default test" finished-at="2022-01-03T18:15:15 IST" duration-ms="22725">
      <class name="Add_to_cart.Session_19">
        <test-method is-config="true" signature="Launch_portal()[pri:0, instance:Add_to_cart.Session_19@3e11f9e9]" started-at="2022-01-03T18:14:53 IST" name="Launch_portal" finished-at="2022-01-03T18:15:09 IST" duration-ms="16548" status="PASS">
          <reporter-output>
          </reporter-output>
        </test-method> <!-- Launch_portal -->
        <test-method signature="Add_Products()[pri:0, instance:Add_to_cart.Session_19@3e11f9e9]" started-at="2022-01-03T18:15:09 IST" name="Add_Products" finished-at="2022-01-03T18:15:14 IST" duration-ms="5162" status="PASS">
          <reporter-output>
          </reporter-output>
        </test-method> <!-- Add_Products -->
        <test-method signature="Validatebuttonname()[pri:0, instance:Add_to_cart.Session_19@3e11f9e9]" started-at="2022-01-03T18:15:14 IST" name="Validatebuttonname" finished-at="2022-01-03T18:15:15 IST" depends-on-methods="Add_to_cart.Session_19.Add_Products" duration-ms="278" status="PASS">
          <reporter-output>
          </reporter-output>
        </test-method> <!-- Validatebuttonname -->
        <test-method is-config="true" signature="finish()[pri:0, instance:Add_to_cart.Session_19@3e11f9e9]" started-at="2022-01-03T18:15:15 IST" name="finish" finished-at="2022-01-03T18:15:15 IST" duration-ms="704" status="PASS">
          <reporter-output>
          </reporter-output>
        </test-method> <!-- finish -->
      </class> <!-- Add_to_cart.Session_19 -->
    </test> <!-- Default test -->
  </suite> <!-- Default suite -->
</testng-results>
