<?xml version="1.0" encoding="UTF-8"?>
<!-- Generated by org.testng.reporters.JUnitXMLReporter -->
<testsuite ignored="0" hostname="IQZCBELT038" failures="0" tests="3" name="Default test" time="16.133" errors="0" timestamp="2022-01-03T17:59:15 IST">
  <testcase classname="Add_to_cart.Session_18" name="Add_to_Cart" time="0.485"/>
  <testcase classname="Add_to_cart.Session_18" name="Vegetable_Name" time="0.215"/>
  <testcase classname="Add_to_cart.Session_18" name="Vegetable_Cost" time="0.827"/>
</testsuite> <!-- Default test -->
