<?xml version="1.0" encoding="UTF-8"?>
<testng-results ignored="0" total="3" passed="3" failed="0" skipped="0">
  <reporter-output>
  </reporter-output>
  <suite started-at="2022-01-03T17:58:59 IST" name="Default suite" finished-at="2022-01-03T17:59:15 IST" duration-ms="16133">
    <groups>
    </groups>
    <test started-at="2022-01-03T17:58:59 IST" name="Default test" finished-at="2022-01-03T17:59:15 IST" duration-ms="16133">
      <class name="Add_to_cart.Session_18">
        <test-method is-config="true" signature="Launch_portal()[pri:0, instance:Add_to_cart.Session_18@1de5f259]" started-at="2022-01-03T17:58:59 IST" name="Launch_portal" finished-at="2022-01-03T17:59:13 IST" duration-ms="13874" status="PASS">
          <reporter-output>
          </reporter-output>
        </test-method> <!-- Launch_portal -->
        <test-method signature="Add_to_Cart()[pri:0, instance:Add_to_cart.Session_18@1de5f259]" started-at="2022-01-03T17:59:13 IST" name="Add_to_Cart" finished-at="2022-01-03T17:59:13 IST" duration-ms="485" status="PASS">
          <reporter-output>
          </reporter-output>
        </test-method> <!-- Add_to_Cart -->
        <test-method signature="Vegetable_Name()[pri:0, instance:Add_to_cart.Session_18@1de5f259]" started-at="2022-01-03T17:59:13 IST" name="Vegetable_Name" finished-at="2022-01-03T17:59:13 IST" depends-on-methods="Add_to_cart.Session_18.Add_to_Cart" duration-ms="215" status="PASS">
          <reporter-output>
          </reporter-output>
        </test-method> <!-- Vegetable_Name -->
        <test-method signature="Vegetable_Cost()[pri:0, instance:Add_to_cart.Session_18@1de5f259]" started-at="2022-01-03T17:59:13 IST" name="Vegetable_Cost" finished-at="2022-01-03T17:59:14 IST" depends-on-methods="Add_to_cart.Session_18.Vegetable_Name" duration-ms="827" status="PASS">
          <reporter-output>
          </reporter-output>
        </test-method> <!-- Vegetable_Cost -->
        <test-method is-config="true" signature="finish()[pri:0, instance:Add_to_cart.Session_18@1de5f259]" started-at="2022-01-03T17:59:14 IST" name="finish" finished-at="2022-01-03T17:59:15 IST" duration-ms="694" status="PASS">
          <reporter-output>
          </reporter-output>
        </test-method> <!-- finish -->
      </class> <!-- Add_to_cart.Session_18 -->
    </test> <!-- Default test -->
  </suite> <!-- Default suite -->
</testng-results>
