<?xml version="1.0" encoding="UTF-8"?>
<testng-results ignored="0" total="15" passed="15" failed="0" skipped="0">
  <reporter-output>
  </reporter-output>
  <suite started-at="2021-11-24T15:09:57 IST" name="Suite" finished-at="2021-11-24T15:14:55 IST" duration-ms="297660">
    <groups>
    </groups>
    <test started-at="2021-11-24T15:09:57 IST" name="Login_1" finished-at="2021-11-24T15:11:41 IST" duration-ms="104294">
      <class name="Demo.Testnew">
        <test-method is-config="true" signature="setup()[pri:0, instance:Demo.Testnew@31fa1761]" started-at="2021-11-24T15:09:57 IST" name="setup" finished-at="2021-11-24T15:10:00 IST" duration-ms="3200" status="PASS">
          <reporter-output>
          </reporter-output>
        </test-method> <!-- setup -->
        <test-method signature="launch_app()[pri:0, instance:Demo.Testnew@31fa1761]" started-at="2021-11-24T15:10:00 IST" name="launch_app" finished-at="2021-11-24T15:10:13 IST" duration-ms="12606" status="PASS">
          <reporter-output>
          </reporter-output>
        </test-method> <!-- launch_app -->
        <test-method signature="enter_user()[pri:0, instance:Demo.Testnew@31fa1761]" started-at="2021-11-24T15:10:13 IST" name="enter_user" finished-at="2021-11-24T15:10:18 IST" depends-on-methods="Demo.Testnew.launch_app" duration-ms="5172" status="PASS">
          <reporter-output>
          </reporter-output>
        </test-method> <!-- enter_user -->
        <test-method signature="enter_pswd()[pri:0, instance:Demo.Testnew@31fa1761]" started-at="2021-11-24T15:10:18 IST" name="enter_pswd" finished-at="2021-11-24T15:10:23 IST" depends-on-methods="Demo.Testnew.enter_user" duration-ms="5181" status="PASS">
          <reporter-output>
          </reporter-output>
        </test-method> <!-- enter_pswd -->
        <test-method signature="clicklogin()[pri:0, instance:Demo.Testnew@31fa1761]" started-at="2021-11-24T15:10:23 IST" name="clicklogin" finished-at="2021-11-24T15:11:35 IST" depends-on-methods="Demo.Testnew.enter_pswd" duration-ms="71914" status="PASS">
          <reporter-output>
          </reporter-output>
        </test-method> <!-- clicklogin -->
        <test-method signature="get_title()[pri:0, instance:Demo.Testnew@31fa1761]" started-at="2021-11-24T15:11:35 IST" name="get_title" finished-at="2021-11-24T15:11:40 IST" depends-on-methods="Demo.Testnew.clicklogin" duration-ms="5059" status="PASS">
          <reporter-output>
          </reporter-output>
        </test-method> <!-- get_title -->
        <test-method is-config="true" signature="finish()[pri:0, instance:Demo.Testnew@31fa1761]" started-at="2021-11-24T15:11:40 IST" name="finish" finished-at="2021-11-24T15:11:41 IST" duration-ms="1075" status="PASS">
          <reporter-output>
          </reporter-output>
        </test-method> <!-- finish -->
      </class> <!-- Demo.Testnew -->
    </test> <!-- Login_1 -->
    <test started-at="2021-11-24T15:11:42 IST" name="Login_2" finished-at="2021-11-24T15:12:46 IST" duration-ms="64599">
      <class name="Demo.Testnew">
        <test-method is-config="true" signature="setup()[pri:0, instance:Demo.Testnew@3012646b]" started-at="2021-11-24T15:11:42 IST" name="setup" finished-at="2021-11-24T15:11:43 IST" duration-ms="1820" status="PASS">
          <reporter-output>
          </reporter-output>
        </test-method> <!-- setup -->
        <test-method signature="launch_app()[pri:0, instance:Demo.Testnew@3012646b]" started-at="2021-11-24T15:11:43 IST" name="launch_app" finished-at="2021-11-24T15:11:56 IST" duration-ms="12230" status="PASS">
          <reporter-output>
          </reporter-output>
        </test-method> <!-- launch_app -->
        <test-method signature="enter_user()[pri:0, instance:Demo.Testnew@3012646b]" started-at="2021-11-24T15:11:56 IST" name="enter_user" finished-at="2021-11-24T15:12:01 IST" depends-on-methods="Demo.Testnew.launch_app" duration-ms="5217" status="PASS">
          <reporter-output>
          </reporter-output>
        </test-method> <!-- enter_user -->
        <test-method signature="enter_pswd()[pri:0, instance:Demo.Testnew@3012646b]" started-at="2021-11-24T15:12:01 IST" name="enter_pswd" finished-at="2021-11-24T15:12:06 IST" depends-on-methods="Demo.Testnew.enter_user" duration-ms="5178" status="PASS">
          <reporter-output>
          </reporter-output>
        </test-method> <!-- enter_pswd -->
        <test-method signature="clicklogin()[pri:0, instance:Demo.Testnew@3012646b]" started-at="2021-11-24T15:12:06 IST" name="clicklogin" finished-at="2021-11-24T15:12:40 IST" depends-on-methods="Demo.Testnew.enter_pswd" duration-ms="34058" status="PASS">
          <reporter-output>
          </reporter-output>
        </test-method> <!-- clicklogin -->
        <test-method signature="get_title()[pri:0, instance:Demo.Testnew@3012646b]" started-at="2021-11-24T15:12:40 IST" name="get_title" finished-at="2021-11-24T15:12:45 IST" depends-on-methods="Demo.Testnew.clicklogin" duration-ms="5045" status="PASS">
          <reporter-output>
          </reporter-output>
        </test-method> <!-- get_title -->
        <test-method is-config="true" signature="finish()[pri:0, instance:Demo.Testnew@3012646b]" started-at="2021-11-24T15:12:45 IST" name="finish" finished-at="2021-11-24T15:12:46 IST" duration-ms="1027" status="PASS">
          <reporter-output>
          </reporter-output>
        </test-method> <!-- finish -->
      </class> <!-- Demo.Testnew -->
    </test> <!-- Login_2 -->
    <test started-at="2021-11-24T15:12:46 IST" name="Login_3" finished-at="2021-11-24T15:14:55 IST" duration-ms="128611">
      <class name="Demo.Testnew">
        <test-method is-config="true" signature="setup()[pri:0, instance:Demo.Testnew@65c7a252]" started-at="2021-11-24T15:12:46 IST" name="setup" finished-at="2021-11-24T15:12:48 IST" duration-ms="1746" status="PASS">
          <reporter-output>
          </reporter-output>
        </test-method> <!-- setup -->
        <test-method signature="launch_app()[pri:0, instance:Demo.Testnew@65c7a252]" started-at="2021-11-24T15:12:48 IST" name="launch_app" finished-at="2021-11-24T15:13:01 IST" duration-ms="13108" status="PASS">
          <reporter-output>
          </reporter-output>
        </test-method> <!-- launch_app -->
        <test-method signature="enter_user()[pri:0, instance:Demo.Testnew@65c7a252]" started-at="2021-11-24T15:13:01 IST" name="enter_user" finished-at="2021-11-24T15:13:06 IST" depends-on-methods="Demo.Testnew.launch_app" duration-ms="5141" status="PASS">
          <reporter-output>
          </reporter-output>
        </test-method> <!-- enter_user -->
        <test-method signature="enter_pswd()[pri:0, instance:Demo.Testnew@65c7a252]" started-at="2021-11-24T15:13:06 IST" name="enter_pswd" finished-at="2021-11-24T15:13:11 IST" depends-on-methods="Demo.Testnew.enter_user" duration-ms="5187" status="PASS">
          <reporter-output>
          </reporter-output>
        </test-method> <!-- enter_pswd -->
        <test-method signature="clicklogin()[pri:0, instance:Demo.Testnew@65c7a252]" started-at="2021-11-24T15:13:11 IST" name="clicklogin" finished-at="2021-11-24T15:14:49 IST" depends-on-methods="Demo.Testnew.enter_pswd" duration-ms="97427" status="PASS">
          <reporter-output>
          </reporter-output>
        </test-method> <!-- clicklogin -->
        <test-method signature="get_title()[pri:0, instance:Demo.Testnew@65c7a252]" started-at="2021-11-24T15:14:49 IST" name="get_title" finished-at="2021-11-24T15:14:54 IST" depends-on-methods="Demo.Testnew.clicklogin" duration-ms="5023" status="PASS">
          <reporter-output>
          </reporter-output>
        </test-method> <!-- get_title -->
        <test-method is-config="true" signature="finish()[pri:0, instance:Demo.Testnew@65c7a252]" started-at="2021-11-24T15:14:54 IST" name="finish" finished-at="2021-11-24T15:14:55 IST" duration-ms="963" status="PASS">
          <reporter-output>
          </reporter-output>
        </test-method> <!-- finish -->
      </class> <!-- Demo.Testnew -->
    </test> <!-- Login_3 -->
  </suite> <!-- Suite -->
</testng-results>
