<?xml version="1.0" encoding="UTF-8"?>
<!-- Generated by org.testng.reporters.JUnitXMLReporter -->
<testsuite ignored="0" hostname="IQZCBELT038" failures="0" tests="5" name="Login_1" time="65.635" errors="0" timestamp="2021-11-24T19:55:16 IST">
  <testcase classname="Demo.Loginscenarios" name="launch_app" time="12.746"/>
  <testcase classname="Demo.Loginscenarios" name="enter_user" time="5.083"/>
  <testcase classname="Demo.Loginscenarios" name="enter_pswd" time="5.101"/>
  <testcase classname="Demo.Loginscenarios" name="clicklogin" time="34.351"/>
  <testcase classname="Demo.Loginscenarios" name="get_title" time="5.031"/>
</testsuite> <!-- Login_1 -->
