<?xml version="1.0" encoding="UTF-8"?>
<!-- Generated by org.testng.reporters.JUnitXMLReporter -->
<testsuite ignored="0" hostname="IQZCBELT038" failures="0" tests="5" name="Login_2" time="35.176" errors="0" timestamp="2021-11-24T19:55:51 IST">
  <testcase classname="Demo.Loginscenarios2" name="launch_app" time="12.376"/>
  <testcase classname="Demo.Loginscenarios2" name="enter_user" time="5.081"/>
  <testcase classname="Demo.Loginscenarios2" name="enter_pswd" time="5.084"/>
  <testcase classname="Demo.Loginscenarios2" name="clicklogin" time="5.462"/>
  <testcase classname="Demo.Loginscenarios2" name="get_title" time="5.024"/>
</testsuite> <!-- Login_2 -->
