<?xml version="1.0" encoding="UTF-8"?>
<testng-results ignored="0" total="10" passed="10" failed="0" skipped="0">
  <reporter-output>
  </reporter-output>
  <suite started-at="2021-11-26T19:12:38 IST" name="Suite1" finished-at="2021-11-26T19:12:53 IST" duration-ms="15231">
    <groups>
    </groups>
    <test started-at="2021-11-26T19:12:38 IST" name="TestingOnChrome" finished-at="2021-11-26T19:12:50 IST" duration-ms="12474">
      <class name="Demo.Browser_scroll">
        <test-method is-config="true" signature="setup(java.lang.String)[pri:0, instance:Demo.Browser_scroll@550dbc7a]" started-at="2021-11-26T19:12:38 IST" name="setup" finished-at="2021-11-26T19:12:40 IST" duration-ms="2506" status="PASS">
          <params>
            <param index="0">
              <value>
                <![CDATA[chrome]]>
              </value>
            </param>
          </params>
          <reporter-output>
          </reporter-output>
        </test-method> <!-- setup -->
        <test-method signature="LaunchUrl()[pri:0, instance:Demo.Browser_scroll@550dbc7a]" started-at="2021-11-26T19:12:40 IST" name="LaunchUrl" finished-at="2021-11-26T19:12:50 IST" duration-ms="9570" status="PASS">
          <reporter-output>
          </reporter-output>
        </test-method> <!-- LaunchUrl -->
        <test-method signature="twitterlaunch()[pri:0, instance:Demo.Browser_scroll@550dbc7a]" started-at="2021-11-26T19:12:50 IST" name="twitterlaunch" finished-at="2021-11-26T19:12:50 IST" depends-on-methods="Demo.Browser_scroll.LaunchUrl" duration-ms="112" status="PASS">
          <reporter-output>
          </reporter-output>
        </test-method> <!-- twitterlaunch -->
        <test-method signature="facebooklaunch()[pri:0, instance:Demo.Browser_scroll@550dbc7a]" started-at="2021-11-26T19:12:50 IST" name="facebooklaunch" finished-at="2021-11-26T19:12:50 IST" depends-on-methods="Demo.Browser_scroll.twitterlaunch" duration-ms="89" status="PASS">
          <reporter-output>
          </reporter-output>
        </test-method> <!-- facebooklaunch -->
        <test-method signature="youtubelaunch()[pri:0, instance:Demo.Browser_scroll@550dbc7a]" started-at="2021-11-26T19:12:50 IST" name="youtubelaunch" finished-at="2021-11-26T19:12:50 IST" depends-on-methods="Demo.Browser_scroll.facebooklaunch" duration-ms="83" status="PASS">
          <reporter-output>
          </reporter-output>
        </test-method> <!-- youtubelaunch -->
        <test-method signature="get_title()[pri:0, instance:Demo.Browser_scroll@550dbc7a]" started-at="2021-11-26T19:12:50 IST" name="get_title" finished-at="2021-11-26T19:12:50 IST" depends-on-methods="Demo.Browser_scroll.youtubelaunch" duration-ms="16" status="PASS">
          <reporter-output>
          </reporter-output>
        </test-method> <!-- get_title -->
        <test-method is-config="true" signature="finish()[pri:0, instance:Demo.Browser_scroll@550dbc7a]" started-at="2021-11-26T19:12:50 IST" name="finish" finished-at="2021-11-26T19:12:50 IST" duration-ms="55" status="PASS">
          <reporter-output>
          </reporter-output>
        </test-method> <!-- finish -->
      </class> <!-- Demo.Browser_scroll -->
    </test> <!-- TestingOnChrome -->
    <test started-at="2021-11-26T19:12:38 IST" name="TestingOnFirefox" finished-at="2021-11-26T19:12:53 IST" duration-ms="15231">
      <class name="Demo.Browser_scroll">
        <test-method is-config="true" signature="setup(java.lang.String)[pri:0, instance:Demo.Browser_scroll@f09733f]" started-at="2021-11-26T19:12:38 IST" name="setup" finished-at="2021-11-26T19:12:42 IST" duration-ms="4667" status="PASS">
          <params>
            <param index="0">
              <value>
                <![CDATA[Firefox]]>
              </value>
            </param>
          </params>
          <reporter-output>
          </reporter-output>
        </test-method> <!-- setup -->
        <test-method signature="LaunchUrl()[pri:0, instance:Demo.Browser_scroll@f09733f]" started-at="2021-11-26T19:12:42 IST" name="LaunchUrl" finished-at="2021-11-26T19:12:52 IST" duration-ms="9983" status="PASS">
          <reporter-output>
          </reporter-output>
        </test-method> <!-- LaunchUrl -->
        <test-method signature="twitterlaunch()[pri:0, instance:Demo.Browser_scroll@f09733f]" started-at="2021-11-26T19:12:52 IST" name="twitterlaunch" finished-at="2021-11-26T19:12:53 IST" depends-on-methods="Demo.Browser_scroll.LaunchUrl" duration-ms="114" status="PASS">
          <reporter-output>
          </reporter-output>
        </test-method> <!-- twitterlaunch -->
        <test-method signature="facebooklaunch()[pri:0, instance:Demo.Browser_scroll@f09733f]" started-at="2021-11-26T19:12:53 IST" name="facebooklaunch" finished-at="2021-11-26T19:12:53 IST" depends-on-methods="Demo.Browser_scroll.twitterlaunch" duration-ms="122" status="PASS">
          <reporter-output>
          </reporter-output>
        </test-method> <!-- facebooklaunch -->
        <test-method signature="youtubelaunch()[pri:0, instance:Demo.Browser_scroll@f09733f]" started-at="2021-11-26T19:12:53 IST" name="youtubelaunch" finished-at="2021-11-26T19:12:53 IST" depends-on-methods="Demo.Browser_scroll.facebooklaunch" duration-ms="128" status="PASS">
          <reporter-output>
          </reporter-output>
        </test-method> <!-- youtubelaunch -->
        <test-method signature="get_title()[pri:0, instance:Demo.Browser_scroll@f09733f]" started-at="2021-11-26T19:12:53 IST" name="get_title" finished-at="2021-11-26T19:12:53 IST" depends-on-methods="Demo.Browser_scroll.youtubelaunch" duration-ms="16" status="PASS">
          <reporter-output>
          </reporter-output>
        </test-method> <!-- get_title -->
        <test-method is-config="true" signature="finish()[pri:0, instance:Demo.Browser_scroll@f09733f]" started-at="2021-11-26T19:12:53 IST" name="finish" finished-at="2021-11-26T19:12:53 IST" duration-ms="183" status="PASS">
          <reporter-output>
          </reporter-output>
        </test-method> <!-- finish -->
      </class> <!-- Demo.Browser_scroll -->
    </test> <!-- TestingOnFirefox -->
  </suite> <!-- Suite1 -->
</testng-results>
