<?xml version="1.0" encoding="UTF-8"?>
<testng-results ignored="0" total="2" passed="2" failed="0" skipped="0">
  <reporter-output>
  </reporter-output>
  <suite started-at="2021-11-22T14:42:40 IST" name="Suite1" finished-at="2021-11-22T14:42:55 IST" duration-ms="15360">
    <groups>
    </groups>
    <test started-at="2021-11-22T14:42:40 IST" name="TestingOnChrome" finished-at="2021-11-22T14:42:54 IST" duration-ms="13898">
      <class name="Demo.Cross_Browser">
        <test-method is-config="true" signature="setup(java.lang.String)[pri:0, instance:Demo.Cross_Browser@31fa1761]" started-at="2021-11-22T14:42:40 IST" name="setup" finished-at="2021-11-22T14:42:43 IST" duration-ms="3395" status="PASS">
          <params>
            <param index="0">
              <value>
                <![CDATA[chrome]]>
              </value>
            </param>
          </params>
          <reporter-output>
          </reporter-output>
        </test-method> <!-- setup -->
        <test-method signature="test1()[pri:0, instance:Demo.Cross_Browser@31fa1761]" started-at="2021-11-22T14:42:43 IST" name="test1" finished-at="2021-11-22T14:42:53 IST" duration-ms="10241" status="PASS">
          <reporter-output>
          </reporter-output>
        </test-method> <!-- test1 -->
        <test-method is-config="true" signature="finish()[pri:0, instance:Demo.Cross_Browser@31fa1761]" started-at="2021-11-22T14:42:53 IST" name="finish" finished-at="2021-11-22T14:42:54 IST" duration-ms="212" status="PASS">
          <reporter-output>
          </reporter-output>
        </test-method> <!-- finish -->
      </class> <!-- Demo.Cross_Browser -->
    </test> <!-- TestingOnChrome -->
    <test started-at="2021-11-22T14:42:40 IST" name="TestingOnEdge" finished-at="2021-11-22T14:42:55 IST" duration-ms="15360">
      <class name="Demo.Cross_Browser">
        <test-method is-config="true" signature="setup(java.lang.String)[pri:0, instance:Demo.Cross_Browser@a38c7fe]" started-at="2021-11-22T14:42:40 IST" name="setup" finished-at="2021-11-22T14:42:44 IST" duration-ms="3804" status="PASS">
          <params>
            <param index="0">
              <value>
                <![CDATA[edge]]>
              </value>
            </param>
          </params>
          <reporter-output>
          </reporter-output>
        </test-method> <!-- setup -->
        <test-method signature="test1()[pri:0, instance:Demo.Cross_Browser@a38c7fe]" started-at="2021-11-22T14:42:44 IST" name="test1" finished-at="2021-11-22T14:42:55 IST" duration-ms="11369" status="PASS">
          <reporter-output>
          </reporter-output>
        </test-method> <!-- test1 -->
        <test-method is-config="true" signature="finish()[pri:0, instance:Demo.Cross_Browser@a38c7fe]" started-at="2021-11-22T14:42:55 IST" name="finish" finished-at="2021-11-22T14:42:55 IST" duration-ms="177" status="PASS">
          <reporter-output>
          </reporter-output>
        </test-method> <!-- finish -->
      </class> <!-- Demo.Cross_Browser -->
    </test> <!-- TestingOnEdge -->
  </suite> <!-- Suite1 -->
</testng-results>
