<?xml version="1.0" encoding="UTF-8"?>
<!-- Generated by org.testng.reporters.JUnitXMLReporter -->
<testsuite ignored="0" hostname="IQZCBELT038" failures="0" tests="5" name="Login_2" time="64.599" errors="0" timestamp="2021-11-24T15:12:46 IST">
  <testcase classname="Demo.Testnew" name="launch_app" time="12.23"/>
  <testcase classname="Demo.Testnew" name="enter_user" time="5.217"/>
  <testcase classname="Demo.Testnew" name="enter_pswd" time="5.178"/>
  <testcase classname="Demo.Testnew" name="clicklogin" time="34.058"/>
  <testcase classname="Demo.Testnew" name="get_title" time="5.045"/>
</testsuite> <!-- Login_2 -->
