<?xml version="1.0" encoding="UTF-8"?>
<!-- Generated by org.testng.reporters.JUnitXMLReporter -->
<testsuite ignored="0" hostname="IQZCBELT038" failures="0" tests="5" name="Login_1" time="104.294" errors="0" timestamp="2021-11-24T15:11:42 IST">
  <testcase classname="Demo.Testnew" name="launch_app" time="12.606"/>
  <testcase classname="Demo.Testnew" name="enter_user" time="5.172"/>
  <testcase classname="Demo.Testnew" name="enter_pswd" time="5.181"/>
  <testcase classname="Demo.Testnew" name="clicklogin" time="71.914"/>
  <testcase classname="Demo.Testnew" name="get_title" time="5.059"/>
</testsuite> <!-- Login_1 -->
