<?xml version="1.0" encoding="UTF-8"?>
<!-- Generated by org.testng.reporters.JUnitXMLReporter -->
<testsuite ignored="0" hostname="IQZCBELT038" failures="0" tests="5" name="Login_3" time="128.611" errors="0" timestamp="2021-11-24T15:14:55 IST">
  <testcase classname="Demo.Testnew" name="launch_app" time="13.108"/>
  <testcase classname="Demo.Testnew" name="enter_user" time="5.141"/>
  <testcase classname="Demo.Testnew" name="enter_pswd" time="5.187"/>
  <testcase classname="Demo.Testnew" name="clicklogin" time="97.427"/>
  <testcase classname="Demo.Testnew" name="get_title" time="5.023"/>
</testsuite> <!-- Login_3 -->
