<?xml version="1.0" encoding="UTF-8"?>
<!-- Generated by org.testng.reporters.JUnitXMLReporter -->
<testsuite ignored="0" hostname="IQZCBELT038" failures="0" tests="5" name="Test" time="56.791" errors="0" timestamp="2021-11-23T21:27:34 IST">
  <testcase classname="Demo.Testnew" name="launch_app" time="12.395"/>
  <testcase classname="Demo.Testnew" name="enter_user" time="5.078"/>
  <testcase classname="Demo.Testnew" name="enter_pswd" time="5.092"/>
  <testcase classname="Demo.Testnew" name="clicklogin" time="24.56"/>
  <testcase classname="Demo.Testnew" name="get_title" time="5.017"/>
</testsuite> <!-- Test -->
